<?xml version="1.0" encoding="UTF-8"?>
<!-- Generated by org.testng.reporters.JUnitReportReporter -->
<testsuite hostname="DESKTOP-CC15419" failures="0" tests="1" name="FREECRM.ValidateTitleAssertion" time="0.000" errors="0" timestamp="2022-01-21T23:47:55 PKT" skipped="1">
  <testcase classname="FREECRM.ValidateTitleAssertion" name="HomePageTest" time="0.000">
    <skipped/>
  </testcase> <!-- HomePageTest -->
  <system-out/>
</testsuite> <!-- FREECRM.ValidateTitleAssertion -->
